[13:49:27.858 Verbose] - BuildManager - C:\Users\SantiagoPC\Documents\Documentos\Proyectos\GitHub\ManejoJuego.Tests\ManejoJuegoTest.cs(9,30): warning CS0435: The namespace 'ManejoJuego' in 'C:\Users\SantiagoPC\Documents\Documentos\Proyectos\GitHub\ManejoJuego.Tests\ManejoJuegoTest.cs' conflicts with the imported type 'ManejoJuego' in 'Assembly-CSharp, Version=0.0.0.0, Culture=neutral, PublicKeyToken=null'. Using the namespace defined in 'C:\Users\SantiagoPC\Documents\Documentos\Proyectos\GitHub\ManejoJuego.Tests\ManejoJuegoTest.cs'.
[13:49:27.859 Verbose] - BuildManager - C:\Users\SantiagoPC\Documents\Documentos\Proyectos\GitHub\ManejoJuego.Tests\ManejoJuegoTest.cs(9,22): error CS0118: 'global::ManejoJuego' is a namespace but is used like a type
[13:49:27.859 Verbose] - BuildManager - C:\Users\SantiagoPC\Documents\Documentos\Proyectos\GitHub\ManejoJuego.Tests\ManejoJuegoTest.cs(17,67): warning CS0435: The namespace 'ManejoJuego' in 'C:\Users\SantiagoPC\Documents\Documentos\Proyectos\GitHub\ManejoJuego.Tests\ManejoJuegoTest.cs' conflicts with the imported type 'ManejoJuego' in 'Assembly-CSharp, Version=0.0.0.0, Culture=neutral, PublicKeyToken=null'. Using the namespace defined in 'C:\Users\SantiagoPC\Documents\Documentos\Proyectos\GitHub\ManejoJuego.Tests\ManejoJuegoTest.cs'.
[13:49:27.859 Verbose] - BuildManager - C:\Users\SantiagoPC\Documents\Documentos\Proyectos\GitHub\ManejoJuego.Tests\ManejoJuegoTest.cs(17,59): error CS0118: 'global::ManejoJuego' is a namespace but is used like a type
[13:49:27.863 Verbose] - BuildManager - C:\Program Files (x86)\Microsoft Visual Studio\2019\Enterprise\MSBuild\Current\Bin\Roslyn\Microsoft.CSharp.Core.targets(70,5): error MSB4181: The "Csc" task returned false but did not log an error.
[13:49:27.884 Verbose] - BuildManager - Some of the file paths defined in the csproj under the Live Unit Testing build path are missing. Verify whether these files should be present under the Live Unit Testing build path and if necessary update the csproj definition to look these files up in a different place.
[13:49:27.884 Verbose] - BuildManager - Item _OutputPathItem 'C:\Users\SantiagoPC\Documents\Documentos\Proyectos\GitHub\Aprende\.vs\Aprende\v16\lut\0\b\ManejoJuego.Tests\bin\Debug\' evaluated via:
_OutputPathItem: '$(OutDir)' @ C:\Program Files (x86)\Microsoft Visual Studio\2019\Enterprise\MSBuild\Current\Bin\Microsoft.Common.CurrentVersion.targets:272
  OutDir: 'C:\Users\SantiagoPC\Documents\Documentos\Proyectos\GitHub\Aprende\.vs\Aprende\v16\lut\0\b\ManejoJuego.Tests\bin\Debug\' @ C:\Users\SantiagoPC\Documents\Documentos\Proyectos\GitHub\ManejoJuego.Tests\ManejoJuego.Tests.csproj:0
[13:49:27.885 Verbose] - BuildManager - Item AppConfigFileDestination 'C:\Users\SantiagoPC\Documents\Documentos\Proyectos\GitHub\Aprende\.vs\Aprende\v16\lut\0\b\ManejoJuego.Tests\bin\Debug\ManejoJuego.Tests.dll.config' evaluated via:
AppConfigFileDestination: '$(OutDir)$(TargetFileName).config' @ C:\Program Files (x86)\Microsoft Visual Studio\2019\Enterprise\MSBuild\Current\Bin\Microsoft.Common.CurrentVersion.targets:303
  OutDir: 'C:\Users\SantiagoPC\Documents\Documentos\Proyectos\GitHub\Aprende\.vs\Aprende\v16\lut\0\b\ManejoJuego.Tests\bin\Debug\' @ C:\Users\SantiagoPC\Documents\Documentos\Proyectos\GitHub\ManejoJuego.Tests\ManejoJuego.Tests.csproj:0
  TargetFileName: '$(TargetName)$(TargetExt)' @ C:\Program Files (x86)\Microsoft Visual Studio\2019\Enterprise\MSBuild\Current\Bin\Microsoft.Common.CurrentVersion.targets:212
    TargetName: '$(AssemblyName)' @ C:\Program Files (x86)\Microsoft Visual Studio\2019\Enterprise\MSBuild\Current\Bin\Microsoft.Common.CurrentVersion.targets:204
      AssemblyName: 'ManejoJuego.Tests' @ C:\Users\SantiagoPC\Documents\Documentos\Proyectos\GitHub\ManejoJuego.Tests\ManejoJuego.Tests.csproj:10
    TargetExt: '.dll' @ C:\Program Files (x86)\Microsoft Visual Studio\2019\Enterprise\MSBuild\Current\Bin\Microsoft.Common.CurrentVersion.targets:183
[13:49:27.885 Verbose] - BuildManager - Item _DebugSymbolsOutputPath 'C:\Users\SantiagoPC\Documents\Documentos\Proyectos\GitHub\Aprende\.vs\Aprende\v16\lut\0\b\ManejoJuego.Tests\bin\Debug\ManejoJuego.Tests.pdb' evaluated via:
_DebugSymbolsOutputPath: '@(_DebugSymbolsIntermediatePath->'$(OutDir)%(Filename)%(Extension)')' @ C:\Program Files (x86)\Microsoft Visual Studio\2019\Enterprise\MSBuild\Current\Bin\Microsoft.Common.CurrentVersion.targets:372
  OutDir: 'C:\Users\SantiagoPC\Documents\Documentos\Proyectos\GitHub\Aprende\.vs\Aprende\v16\lut\0\b\ManejoJuego.Tests\bin\Debug\' @ C:\Users\SantiagoPC\Documents\Documentos\Proyectos\GitHub\ManejoJuego.Tests\ManejoJuego.Tests.csproj:0
[13:49:27.885 Verbose] - BuildManager - Item _ApplicationManifestFinal 'C:\Users\SantiagoPC\Documents\Documentos\Proyectos\GitHub\Aprende\.vs\Aprende\v16\lut\0\b\ManejoJuego.Tests\bin\Debug\Native.ManejoJuego.Tests.manifest' evaluated via:
_ApplicationManifestFinal: '$(OutDir)$(_DeploymentTargetApplicationManifestFileName)' @ C:\Program Files (x86)\Microsoft Visual Studio\2019\Enterprise\MSBuild\Current\Bin\Microsoft.Common.CurrentVersion.targets:410
  OutDir: 'C:\Users\SantiagoPC\Documents\Documentos\Proyectos\GitHub\Aprende\.vs\Aprende\v16\lut\0\b\ManejoJuego.Tests\bin\Debug\' @ C:\Users\SantiagoPC\Documents\Documentos\Proyectos\GitHub\ManejoJuego.Tests\ManejoJuego.Tests.csproj:0
  _DeploymentTargetApplicationManifestFileName: 'Native.$(AssemblyName).manifest' @ C:\Program Files (x86)\Microsoft Visual Studio\2019\Enterprise\MSBuild\Current\Bin\Microsoft.Common.CurrentVersion.targets:228
    AssemblyName: 'ManejoJuego.Tests' @ C:\Users\SantiagoPC\Documents\Documentos\Proyectos\GitHub\ManejoJuego.Tests\ManejoJuego.Tests.csproj:10
